<?xml version="1.0" encoding="UTF-8"?>
<!-- Generated by org.testng.reporters.JUnitXMLReporter -->
<testsuite ignored="0" hostname="DESKTOP-1AJB1FQ" failures="0" tests="3" name="SmokeTest" time="25.739" errors="0" timestamp="2025-04-30T20:51:53 IST">
  <testcase classname="Tests.T3_DBLoginTest2" name="DBLoginTest" time="6.557"/>
  <testcase classname="Tests.T3_DBLoginTest2" name="DBProductPage" time="8.464"/>
  <testcase classname="Tests.T3_DBLoginTest2" name="DBOrderConfirmationPage" time="8.021"/>
</testsuite> <!-- SmokeTest -->
