<?xml version="1.0" encoding="UTF-8"?>
<testng-results ignored="0" total="5" passed="5" failed="0" skipped="0">
  <reporter-output>
  </reporter-output>
  <suite started-at="2025-04-30T20:51:21 IST" name="Suite" finished-at="2025-04-30T20:52:04 IST" duration-ms="43504">
    <groups>
    </groups>
    <test started-at="2025-04-30T20:51:21 IST" name="Regreesion Test" finished-at="2025-04-30T20:51:27 IST" duration-ms="6405">
      <class name="Tests.T1_DBRegisterTest">
        <test-method is-config="true" signature="DBbrowserLaunch()[pri:0, instance:Tests.T1_DBRegisterTest@76a4ebf2]" started-at="2025-04-30T20:51:21 IST" name="DBbrowserLaunch" finished-at="2025-04-30T20:51:25 IST" duration-ms="3890" status="PASS">
          <reporter-output>
          </reporter-output>
        </test-method> <!-- DBbrowserLaunch -->
        <test-method is-config="true" signature="setup()[pri:0, instance:Tests.T1_DBRegisterTest@76a4ebf2]" started-at="2025-04-30T20:51:25 IST" name="setup" finished-at="2025-04-30T20:51:25 IST" depends-on-methods="Utility.DBUtilityClass.DBbrowserLaunch" duration-ms="296" status="PASS">
          <reporter-output>
          </reporter-output>
        </test-method> <!-- setup -->
        <test-method is-config="true" signature="testDetails()[pri:0, instance:Tests.T1_DBRegisterTest@76a4ebf2]" started-at="2025-04-30T20:51:25 IST" name="testDetails" finished-at="2025-04-30T20:51:25 IST" duration-ms="11" status="PASS">
          <reporter-output>
          </reporter-output>
        </test-method> <!-- testDetails -->
        <test-method signature="DBRegisterTest()[pri:0, instance:Tests.T1_DBRegisterTest@76a4ebf2]" started-at="2025-04-30T20:51:25 IST" name="DBRegisterTest" finished-at="2025-04-30T20:51:26 IST" duration-ms="638" status="PASS">
          <reporter-output>
          </reporter-output>
        </test-method> <!-- DBRegisterTest -->
        <test-method is-config="true" signature="DBcloseBrowser()[pri:0, instance:Tests.T1_DBRegisterTest@76a4ebf2]" started-at="2025-04-30T20:51:26 IST" name="DBcloseBrowser" finished-at="2025-04-30T20:51:27 IST" duration-ms="1503" status="PASS">
          <reporter-output>
          </reporter-output>
        </test-method> <!-- DBcloseBrowser -->
      </class> <!-- Tests.T1_DBRegisterTest -->
    </test> <!-- Regreesion Test -->
    <test started-at="2025-04-30T20:51:27 IST" name="SmokeTest" finished-at="2025-04-30T20:51:53 IST" duration-ms="25739">
      <class name="Tests.T3_DBLoginTest2">
        <test-method is-config="true" signature="DBbrowserLaunch()[pri:0, instance:Tests.T3_DBLoginTest2@1349883]" started-at="2025-04-30T20:51:27 IST" name="DBbrowserLaunch" finished-at="2025-04-30T20:51:30 IST" duration-ms="2673" status="PASS">
          <reporter-output>
          </reporter-output>
        </test-method> <!-- DBbrowserLaunch -->
        <test-method is-config="true" signature="setup()[pri:0, instance:Tests.T3_DBLoginTest2@1349883]" started-at="2025-04-30T20:51:30 IST" name="setup" finished-at="2025-04-30T20:51:30 IST" depends-on-methods="Utility.DBUtilityClass.DBbrowserLaunch" duration-ms="2" status="PASS">
          <reporter-output>
          </reporter-output>
        </test-method> <!-- setup -->
        <test-method is-config="true" signature="testDetails()[pri:0, instance:Tests.T3_DBLoginTest2@1349883]" started-at="2025-04-30T20:51:30 IST" name="testDetails" finished-at="2025-04-30T20:51:30 IST" duration-ms="10" status="PASS">
          <reporter-output>
          </reporter-output>
        </test-method> <!-- testDetails -->
        <test-method signature="DBLoginTest()[pri:1, instance:Tests.T3_DBLoginTest2@1349883]" started-at="2025-04-30T20:51:30 IST" name="DBLoginTest" finished-at="2025-04-30T20:51:36 IST" duration-ms="6557" status="PASS">
          <reporter-output>
          </reporter-output>
        </test-method> <!-- DBLoginTest -->
        <test-method signature="DBProductPage()[pri:2, instance:Tests.T3_DBLoginTest2@1349883]" started-at="2025-04-30T20:51:36 IST" name="DBProductPage" finished-at="2025-04-30T20:51:45 IST" duration-ms="8464" status="PASS">
          <reporter-output>
          </reporter-output>
        </test-method> <!-- DBProductPage -->
        <test-method signature="DBOrderConfirmationPage()[pri:3, instance:Tests.T3_DBLoginTest2@1349883]" started-at="2025-04-30T20:51:45 IST" name="DBOrderConfirmationPage" finished-at="2025-04-30T20:51:53 IST" duration-ms="8021" status="PASS">
          <reporter-output>
          </reporter-output>
        </test-method> <!-- DBOrderConfirmationPage -->
        <test-method is-config="true" signature="DBcloseBrowser()[pri:0, instance:Tests.T3_DBLoginTest2@1349883]" started-at="2025-04-30T20:51:53 IST" name="DBcloseBrowser" finished-at="2025-04-30T20:51:53 IST" duration-ms="0" status="PASS">
          <reporter-output>
          </reporter-output>
        </test-method> <!-- DBcloseBrowser -->
      </class> <!-- Tests.T3_DBLoginTest2 -->
    </test> <!-- SmokeTest -->
    <test started-at="2025-04-30T20:51:53 IST" name="Validation Test" finished-at="2025-04-30T20:52:04 IST" duration-ms="11338">
      <class name="Tests.T4_DBInvalidLoginTest">
        <test-method is-config="true" signature="DBbrowserLaunch()[pri:0, instance:Tests.T4_DBInvalidLoginTest@d737b89]" started-at="2025-04-30T20:51:53 IST" name="DBbrowserLaunch" finished-at="2025-04-30T20:51:56 IST" duration-ms="2633" status="PASS">
          <reporter-output>
          </reporter-output>
        </test-method> <!-- DBbrowserLaunch -->
        <test-method is-config="true" signature="setup()[pri:0, instance:Tests.T4_DBInvalidLoginTest@d737b89]" started-at="2025-04-30T20:51:56 IST" name="setup" finished-at="2025-04-30T20:51:56 IST" depends-on-methods="Utility.DBUtilityClass.DBbrowserLaunch" duration-ms="1" status="PASS">
          <reporter-output>
          </reporter-output>
        </test-method> <!-- setup -->
        <test-method is-config="true" signature="testDetails()[pri:0, instance:Tests.T4_DBInvalidLoginTest@d737b89]" started-at="2025-04-30T20:51:56 IST" name="testDetails" finished-at="2025-04-30T20:51:56 IST" duration-ms="2" status="PASS">
          <reporter-output>
          </reporter-output>
        </test-method> <!-- testDetails -->
        <test-method signature="DBInvalidLoginTest()[pri:1, instance:Tests.T4_DBInvalidLoginTest@d737b89]" started-at="2025-04-30T20:51:56 IST" name="DBInvalidLoginTest" finished-at="2025-04-30T20:52:04 IST" duration-ms="8690" status="PASS">
          <reporter-output>
          </reporter-output>
        </test-method> <!-- DBInvalidLoginTest -->
        <test-method is-config="true" signature="DBcloseBrowser()[pri:0, instance:Tests.T4_DBInvalidLoginTest@d737b89]" started-at="2025-04-30T20:52:04 IST" name="DBcloseBrowser" finished-at="2025-04-30T20:52:04 IST" duration-ms="0" status="PASS">
          <reporter-output>
          </reporter-output>
        </test-method> <!-- DBcloseBrowser -->
        <test-method is-config="true" signature="DBreportClose()[pri:0, instance:Tests.T4_DBInvalidLoginTest@d737b89]" started-at="2025-04-30T20:52:04 IST" name="DBreportClose" finished-at="2025-04-30T20:52:05 IST" duration-ms="731" status="PASS">
          <reporter-output>
          </reporter-output>
        </test-method> <!-- DBreportClose -->
      </class> <!-- Tests.T4_DBInvalidLoginTest -->
    </test> <!-- Validation Test -->
  </suite> <!-- Suite -->
</testng-results>
