<?xml version="1.0" encoding="UTF-8"?>
<testsuite xmlns:xsi="http://www.w3.org/2001/XMLSchema-instance" xsi:noNamespaceSchemaLocation="https://maven.apache.org/surefire/maven-surefire-plugin/xsd/surefire-test-report-3.0.xsd" version="3.0" name="TestSuite" time="45.128" tests="5" errors="0" skipped="0" failures="0">
  <properties>
[...]
</properties>
  <testcase name="DBRegisterTest" classname="Tests.T1_DBRegisterTest" time="0.643">
    <system-out><![CDATA[20:51:20.770 [main] DEBUG org.testng.TestNG -- suiteXmlPath: "C:\Users\HOSUR PS\IdeaProjects\Project1\testng.xml"
20:51:21.317 [main] DEBUG io.github.bonigarcia.wdm.WebDriverManager -- Using WebDriverManager 5.9.2
20:51:21.846 [main] DEBUG io.github.bonigarcia.wdm.cache.ResolutionCache -- Resolution edge=135 in cache (valid until 21:05:58 30/04/2025 IST)
20:51:21.848 [main] DEBUG io.github.bonigarcia.wdm.cache.ResolutionCache -- Resolution edge135=135.0.3179.98 in cache (valid until 19:33:52 01/05/2025 IST)
20:51:21.849 [main] INFO io.github.bonigarcia.wdm.WebDriverManager -- Using msedgedriver 135.0.3179.98 (resolved driver for Edge 135)
20:51:21.900 [main] DEBUG io.github.bonigarcia.wdm.WebDriverManager -- Driver msedgedriver 135.0.3179.98 found in cache
20:51:21.901 [main] INFO io.github.bonigarcia.wdm.WebDriverManager -- Exporting webdriver.edge.driver as C:\Users\HOSUR PS\.cache\selenium\msedgedriver\win64\135.0.3179.98\msedgedriver.exe
Registrstion is Successful
]]></system-out>
    <system-err><![CDATA[Apr 30, 2025 8:51:23 PM org.openqa.selenium.devtools.CdpVersionFinder findNearestMatch
WARNING: Unable to find an exact match for CDP version 135, returning the closest version; found: 131; Please update to a Selenium version that supports CDP version 135
]]></system-err>
  </testcase>
  <testcase name="DBLoginTest" classname="Tests.T3_DBLoginTest2" time="6.556">
    <system-out><![CDATA[20:51:27.698 [main] DEBUG io.github.bonigarcia.wdm.WebDriverManager -- Using WebDriverManager 5.9.2
20:51:27.710 [main] DEBUG io.github.bonigarcia.wdm.cache.ResolutionCache -- Resolution edge=135 in cache (valid until 21:05:58 30/04/2025 IST)
20:51:27.711 [main] DEBUG io.github.bonigarcia.wdm.cache.ResolutionCache -- Resolution edge135=135.0.3179.98 in cache (valid until 19:33:52 01/05/2025 IST)
20:51:27.711 [main] INFO io.github.bonigarcia.wdm.WebDriverManager -- Using msedgedriver 135.0.3179.98 (resolved driver for Edge 135)
20:51:27.756 [main] DEBUG io.github.bonigarcia.wdm.WebDriverManager -- Driver msedgedriver 135.0.3179.98 found in cache
20:51:27.757 [main] INFO io.github.bonigarcia.wdm.WebDriverManager -- Exporting webdriver.edge.driver as C:\Users\HOSUR PS\.cache\selenium\msedgedriver\win64\135.0.3179.98\msedgedriver.exe
]]></system-out>
    <system-err><![CDATA[Apr 30, 2025 8:51:29 PM org.openqa.selenium.devtools.CdpVersionFinder findNearestMatch
WARNING: Unable to find an exact match for CDP version 135, returning the closest version; found: 131; Please update to a Selenium version that supports CDP version 135
]]></system-err>
  </testcase>
  <testcase name="DBProductPage" classname="Tests.T3_DBLoginTest2" time="8.448"/>
  <testcase name="DBOrderConfirmationPage" classname="Tests.T3_DBLoginTest2" time="8.022"/>
  <testcase name="DBInvalidLoginTest" classname="Tests.T4_DBInvalidLoginTest" time="8.667">
    <system-out><![CDATA[20:51:53.441 [main] DEBUG io.github.bonigarcia.wdm.WebDriverManager -- Using WebDriverManager 5.9.2
20:51:53.455 [main] DEBUG io.github.bonigarcia.wdm.cache.ResolutionCache -- Resolution edge=135 in cache (valid until 21:05:58 30/04/2025 IST)
20:51:53.456 [main] DEBUG io.github.bonigarcia.wdm.cache.ResolutionCache -- Resolution edge135=135.0.3179.98 in cache (valid until 19:33:52 01/05/2025 IST)
20:51:53.456 [main] INFO io.github.bonigarcia.wdm.WebDriverManager -- Using msedgedriver 135.0.3179.98 (resolved driver for Edge 135)
20:51:53.480 [main] DEBUG io.github.bonigarcia.wdm.WebDriverManager -- Driver msedgedriver 135.0.3179.98 found in cache
20:51:53.482 [main] INFO io.github.bonigarcia.wdm.WebDriverManager -- Exporting webdriver.edge.driver as C:\Users\HOSUR PS\.cache\selenium\msedgedriver\win64\135.0.3179.98\msedgedriver.exe

Login is Unsuccessfull
Screenshot saved successfully: C:\Users\HOSUR PS\IdeaProjects\Project1\DBSnaps\null_20250430_205157.png
]]></system-out>
    <system-err><![CDATA[Apr 30, 2025 8:51:54 PM org.openqa.selenium.devtools.CdpVersionFinder findNearestMatch
WARNING: Unable to find an exact match for CDP version 135, returning the closest version; found: 131; Please update to a Selenium version that supports CDP version 135
]]></system-err>
  </testcase>
</testsuite>