<?xml version="1.0" encoding="UTF-8"?>
<!-- Generated by org.testng.reporters.JUnitReportReporter -->
<testsuite hostname="DESKTOP-1AJB1FQ" failures="0" tests="3" name="Tests.T3_DBLoginTest2" time="23.042" errors="0" timestamp="2025-04-30T20:52:05 IST" skipped="0">
  <testcase classname="Tests.T3_DBLoginTest2" name="DBLoginTest" time="6.557"/>
  <testcase classname="Tests.T3_DBLoginTest2" name="DBProductPage" time="8.464"/>
  <testcase classname="Tests.T3_DBLoginTest2" name="DBOrderConfirmationPage" time="8.021"/>
</testsuite> <!-- Tests.T3_DBLoginTest2 -->
